<?xml version="1.0" encoding="UTF-8"?>
<testsuite name="co.com.semillero.newtours.runners.NewtoursRegisterRunner" tests="0" skipped="0" failures="0" errors="0" timestamp="1970-01-01T00:00:00" hostname="RC-PC" time="0.0">
  <properties/>
  <system-out><![CDATA[
?[31mFailed scenarios:?[0m
?[31mresources/features/NewtoursRegister.feature:19 ?[0m# Register without username and password

2 Scenarios (?[31m1 failed?[0m, ?[32m1 passed?[0m)
8 Steps (?[31m1 failed?[0m, ?[36m3 skipped?[0m, ?[32m4 passed?[0m)
0m43,633s

net.serenitybdd.core.exceptions.SerenityManagedException: Check internet connection - 
Expected: a collection containing "your destination"
     but: 
	at net.serenitybdd.screenplay.ErrorTally.throwSummaryExceptionFrom(ErrorTally.java:36)
	at net.serenitybdd.screenplay.ErrorTally.reportAnyErrors(ErrorTally.java:30)
	at net.serenitybdd.screenplay.Actor.should(Actor.java:244)
	at co.com.semillero.newtours.tasks.OpenTheBrowser.performAs(OpenTheBrowser.java:27)
	at co.com.semillero.newtours.tasks.OpenTheBrowser$$EnhancerByCGLIB$$b9baf17d.CGLIB$performAs$0(<generated>)
	at co.com.semillero.newtours.tasks.OpenTheBrowser$$EnhancerByCGLIB$$b9baf17d$$FastClassByCGLIB$$e7873609.invoke(<generated>)
	at net.sf.cglib.proxy.MethodProxy.invokeSuper(MethodProxy.java:228)
	at net.thucydides.core.steps.BaseMethodRunner.invokeMethod(BaseMethodRunner.java:10)
	at net.thucydides.core.steps.NormalMethodRunner.invokeMethodAndNotifyFailures(NormalMethodRunner.java:20)
	at net.thucydides.core.steps.StepInterceptor.runNormalMethod(StepInterceptor.java:361)
	at net.thucydides.core.steps.StepInterceptor.testStepResult(StepInterceptor.java:132)
	at net.thucydides.core.steps.StepInterceptor.intercept(StepInterceptor.java:68)
	at co.com.semillero.newtours.tasks.OpenTheBrowser$$EnhancerByCGLIB$$b9baf17d.performAs(<generated>)
	at net.serenitybdd.screenplay.Actor.performTask(Actor.java:176)
	at net.serenitybdd.screenplay.Actor.perform(Actor.java:157)
	at net.serenitybdd.screenplay.Actor.attemptsTo(Actor.java:138)
	at net.serenitybdd.screenplay.Actor.wasAbleTo(Actor.java:132)
	at co.com.semillero.newtours.stepdefinitions.NewtoursRegisterStepDefinitions.thatLoryNavigateToTheRegisterFormOfNewtours(NewtoursRegisterStepDefinitions.java:46)
	at ?.that Lory navigate to the register form of Newtours(resources/features/NewtoursRegister.feature:8)

]]></system-out>
  <system-err><![CDATA[[Test worker] INFO net.thucydides.core.steps.ConsoleLoggingListener - Test Suite Started: Register on Newtours page (http://www.newtours.demoaut.com/)
[Test worker] INFO net.thucydides.core.steps.ConsoleLoggingListener - 
 _____ _____ ____ _____   ____ _____  _    ____ _____ _____ ____  
|_   _| ____/ ___|_   _| / ___|_   _|/ \  |  _ \_   _| ____|  _ \ 
  | | |  _| \___ \ | |   \___ \ | | / _ \ | |_) || | |  _| | | | |
  | | | |___ ___) || |    ___) || |/ ___ \|  _ < | | | |___| |_| |
  |_| |_____|____/ |_|   |____/ |_/_/   \_\_| \_\|_| |_____|____/ 
                                                                  

TEST STARTED: Register with all the data
-------------------------------------------------------------------(register-on-newtours-page-(http://www.newtours.demoaut.com/);register-with-all-the-data)
[Test worker] INFO net.thucydides.core.steps.ConsoleLoggingListener - 
 _____ _____ ____ _____   ____ _____  _    ____ _____ _____ ____  
|_   _| ____/ ___|_   _| / ___|_   _|/ \  |  _ \_   _| ____|  _ \ 
  | | |  _| \___ \ | |   \___ \ | | / _ \ | |_) || | |  _| | | | |
  | | | |___ ___) || |    ___) || |/ ___ \|  _ < | | | |___| |_| |
  |_| |_____|____/ |_|   |____/ |_/_/   \_\_| \_\|_| |_____|____/ 
                                                                  

TEST STARTED: Register without username and password
-------------------------------------------------------------------(register-on-newtours-page-(http://www.newtours.demoaut.com/);register-without-username-and-password)
]]></system-err>
</testsuite>
